<?xml version="1.0" encoding="UTF-8"?>
<!-- Generated by org.testng.reporters.JUnitReportReporter -->
<testsuite name="vinTestngStart.TestvinExam2" tests="2" time="0.004" ignored="5" failures="0" timestamp="23 Mar 2025 12:12:05 GMT" skipped="0" hostname="Vinesh-PC" errors="0">
  <testcase name="test9" time="0.002" classname="vinTestngStart.TestvinExam2"/>
  <testcase name="test7" time="0.002" classname="vinTestngStart.TestvinExam2"/>
  <testcase name="test8" classname="vinTestngStart.TestvinExam2">
    <skipped/>
  </testcase> <!-- test8 -->
  <testcase name="test10" classname="vinTestngStart.TestvinExam2">
    <skipped/>
  </testcase> <!-- test10 -->
  <testcase name="test1" classname="vinTestngStart.TestvinExam1">
    <skipped/>
  </testcase> <!-- test1 -->
  <testcase name="test4" classname="vinTestngStart.TestvinExam1">
    <skipped/>
  </testcase> <!-- test4 -->
  <testcase name="test5" classname="vinTestngStart.TestvinExam1">
    <skipped/>
  </testcase> <!-- test5 -->
</testsuite> <!-- vinTestngStart.TestvinExam2 -->
