<?xml version="1.0" encoding="UTF-8"?>
<!-- Generated by org.testng.reporters.JUnitReportReporter -->
<testsuite name="vinTestngStart.ScreenshotHandle" tests="1" time="21.272" ignored="0" failures="0" timestamp="13 Jul 2020 11:44:01 GMT" skipped="0" hostname="Vinesh-PC" errors="0">
  <testcase name="takesphoto" time="21.272" classname="vinTestngStart.ScreenshotHandle"/>
</testsuite> <!-- vinTestngStart.ScreenshotHandle -->
