<?xml version="1.0" encoding="UTF-8"?>
<!-- Generated by org.testng.reporters.JUnitReportReporter -->
<testsuite name="vinTestngStart.myScreenshotProg" tests="1" time="18.703" ignored="0" failures="0" timestamp="13 Jul 2020 11:59:41 GMT" skipped="0" hostname="Vinesh-PC" errors="0">
  <testcase name="takesphhoto" time="18.703" classname="vinTestngStart.myScreenshotProg"/>
</testsuite> <!-- vinTestngStart.myScreenshotProg -->
