<?xml version="1.0" encoding="UTF-8"?>
<!-- Generated by org.testng.reporters.JUnitReportReporter -->
<testsuite name="vinTestngStart.Vinasserttest" tests="1" time="0.026" ignored="0" failures="0" timestamp="31 Mar 2018 13:25:03 GMT" skipped="0" hostname="Vinesh-PC" errors="0">
  <testcase name="testGoogleSearch" time="0.026" classname="vinTestngStart.Vinasserttest"/>
</testsuite> <!-- vinTestngStart.Vinasserttest -->
