<?xml version="1.0" encoding="UTF-8"?>
<!-- Generated by org.testng.reporters.JUnitReportReporter -->
<testsuite name="vinTestngStart.ScreenshootGoogle" tests="1" time="18.050" ignored="0" failures="0" timestamp="12 May 2020 06:15:58 GMT" skipped="0" hostname="Vinesh-PC" errors="0">
  <testcase name="TestJavaS1" time="18.050" classname="vinTestngStart.ScreenshootGoogle"/>
</testsuite> <!-- vinTestngStart.ScreenshootGoogle -->
