<?xml version="1.0" encoding="UTF-8"?>
<!-- Generated by org.testng.reporters.JUnitReportReporter -->
<testsuite name="vinSelnewInter.StringBufferDemovin" tests="1" time="0.000" ignored="0" failures="0" timestamp="14 Jun 2020 15:01:19 GMT" skipped="0" hostname="Vinesh-PC" errors="0">
  <testcase name="vintooffer" time="0.000" classname="vinSelnewInter.StringBufferDemovin"/>
</testsuite> <!-- vinSelnewInter.StringBufferDemovin -->
